build/app/intermediates/manifest_merge_blame_file/debug/manifest-merger-blame-debug-report.txt
1<?xml version="1.0" encoding="utf-8"?>
2<manifest xmlns:android="http://schemas.android.com/apk/res/android"
3    package="com.example.dog_camera"
4    android:versionCode="1"
5    android:versionName="1.0.0" >
6
7    <uses-sdk
8        android:minSdkVersion="21"
9        android:targetSdkVersion="28" />
10    <!--
11         Flutter needs it to communicate with the running application
12         to allow setting breakpoints, to provide hot reload, etc.
13    -->
14    <uses-permission android:name="android.permission.INTERNET" />
14-->src/debug/AndroidManifest.xml:6:5-66
14-->src/debug/AndroidManifest.xml:6:22-64
15    <uses-permission android:name="android.permission.CAMERA" />
15-->[:camera] AndroidManifest.xml:7:5-65
15-->[:camera] AndroidManifest.xml:7:22-62
16    <uses-permission android:name="android.permission.RECORD_AUDIO" />
16-->[:camera] AndroidManifest.xml:8:5-71
16-->[:camera] AndroidManifest.xml:8:22-68
17    <!--
18 io.flutter.app.FlutterApplication is an android.app.Application that
19         calls FlutterMain.startInitialization(this); in its onCreate method.
20         In most cases you can leave this as-is, but you if you want to provide
21         additional functionality it is fine to subclass or reimplement
22         FlutterApplication and put your custom class here.
23    -->
24    <application
24-->src/main/AndroidManifest.xml:8:5-29:19
25        android:name="io.flutter.app.FlutterApplication"
25-->src/main/AndroidManifest.xml:9:9-57
26        android:appComponentFactory="androidx.core.app.CoreComponentFactory"
26-->[androidx.core:core:1.2.0-alpha02] AndroidManifest.xml:24:18-86
27        android:debuggable="true"
28        android:icon="@mipmap/ic_launcher"
28-->src/main/AndroidManifest.xml:11:9-43
29        android:label="dog_camera" >
29-->src/main/AndroidManifest.xml:10:9-35
30        <activity
30-->src/main/AndroidManifest.xml:12:9-23:20
31            android:name="com.example.dog_camera.MainActivity"
31-->src/main/AndroidManifest.xml:13:13-41
32            android:configChanges="orientation|keyboardHidden|keyboard|screenSize|smallestScreenSize|locale|layoutDirection|fontScale|screenLayout|density|uiMode"
32-->src/main/AndroidManifest.xml:16:13-163
33            android:hardwareAccelerated="true"
33-->src/main/AndroidManifest.xml:17:13-47
34            android:launchMode="singleTop"
34-->src/main/AndroidManifest.xml:14:13-43
35            android:theme="@style/LaunchTheme"
35-->src/main/AndroidManifest.xml:15:13-47
36            android:windowSoftInputMode="adjustResize" >
36-->src/main/AndroidManifest.xml:18:13-55
37            <intent-filter>
37-->src/main/AndroidManifest.xml:19:13-22:29
38                <action android:name="android.intent.action.MAIN" />
38-->src/main/AndroidManifest.xml:20:17-68
38-->src/main/AndroidManifest.xml:20:25-66
39
40                <category android:name="android.intent.category.LAUNCHER" />
40-->src/main/AndroidManifest.xml:21:17-76
40-->src/main/AndroidManifest.xml:21:27-74
41            </intent-filter>
42        </activity>
43        <!--
44             Don't delete the meta-data below.
45             This is used by the Flutter tool to generate GeneratedPluginRegistrant.java
46        -->
47        <meta-data
47-->src/main/AndroidManifest.xml:26:9-28:33
48            android:name="flutterEmbedding"
48-->src/main/AndroidManifest.xml:27:13-44
49            android:value="2" />
49-->src/main/AndroidManifest.xml:28:13-30
50
51        <provider
51-->[:intent] AndroidManifest.xml:8:9-16:20
52            android:name="io.github.itzmeanjan.intent.MyProvider"
52-->[:intent] AndroidManifest.xml:9:13-66
53            android:authorities="io.github.itzmeanjan.intent.fileProvider"
53-->[:intent] AndroidManifest.xml:10:13-75
54            android:exported="false"
54-->[:intent] AndroidManifest.xml:11:13-37
55            android:grantUriPermissions="true" >
55-->[:intent] AndroidManifest.xml:12:13-47
56            <meta-data
56-->[:intent] AndroidManifest.xml:13:13-15:54
57                android:name="android.support.FILE_PROVIDER_PATHS"
57-->[:intent] AndroidManifest.xml:14:17-67
58                android:resource="@xml/file_paths" />
58-->[:intent] AndroidManifest.xml:15:17-51
59        </provider>
60    </application>
61
62</manifest>